

============================== 2023-01-09 13:39:50.200920 | da8cc725-0014-4c14-9b81-a62ecadd5fa1 ==============================
[0m13:39:50.200933 [info ] [MainThread]: Running with dbt=1.3.2
[0m13:39:50.201426 [debug] [MainThread]: running dbt with arguments {'write_json': True, 'use_colors': True, 'printer_width': 80, 'version_check': True, 'partial_parse': True, 'static_parser': True, 'profiles_dir': '/home/elias/.dbt', 'send_anonymous_usage_stats': True, 'event_buffer_size': 100000, 'quiet': False, 'no_print': False, 'cache_selected_only': False, 'project_name': 'sample_proj', 'skip_profile_setup': False, 'which': 'init', 'indirect_selection': 'eager'}
[0m13:39:50.201633 [debug] [MainThread]: Tracking: tracking
[0m13:39:50.203346 [debug] [MainThread]: Sending event: {'category': 'dbt', 'action': 'invocation', 'label': 'start', 'context': [<snowplow_tracker.self_describing_json.SelfDescribingJson object at 0x7ff635b1a2c0>, <snowplow_tracker.self_describing_json.SelfDescribingJson object at 0x7ff635b1a020>, <snowplow_tracker.self_describing_json.SelfDescribingJson object at 0x7ff635b1a1a0>]}
[0m13:39:50.203698 [info ] [MainThread]: Creating dbt configuration folder at /home/elias/.dbt
[0m13:39:50.204738 [debug] [MainThread]: Starter project path: /home/elias/code/modal-examples/.venv/lib/python3.10/site-packages/dbt/include/starter_project
[0m13:39:59.701467 [info ] [MainThread]: Profile sample_proj written to /home/elias/.dbt/profiles.yml using target's sample configuration. Once updated, you'll be able to start developing with dbt.
[0m13:39:59.701954 [info ] [MainThread]: 
Your new dbt project "sample_proj" was created!

For more information on how to configure the profiles.yml file,
please consult the dbt documentation here:

  https://docs.getdbt.com/docs/configure-your-profile

One more thing:

Need help? Don't hesitate to reach out to us via GitHub issues or on Slack:

  https://community.getdbt.com/

Happy modeling!

[0m13:39:59.702411 [debug] [MainThread]: Sending event: {'category': 'dbt', 'action': 'invocation', 'label': 'end', 'context': [<snowplow_tracker.self_describing_json.SelfDescribingJson object at 0x7ff635b1a170>, <snowplow_tracker.self_describing_json.SelfDescribingJson object at 0x7ff635b19d80>, <snowplow_tracker.self_describing_json.SelfDescribingJson object at 0x7ff635b19cf0>]}
[0m13:39:59.702739 [debug] [MainThread]: Flushing usage events


============================== 2023-01-09 13:42:10.433116 | 70b9b56a-2817-472a-859d-66c48c5852ed ==============================
[0m13:42:10.433127 [info ] [MainThread]: Running with dbt=1.3.2
[0m13:42:10.433601 [debug] [MainThread]: running dbt with arguments {'write_json': True, 'use_colors': True, 'printer_width': 80, 'version_check': True, 'partial_parse': True, 'static_parser': True, 'profiles_dir': '/home/elias/.dbt', 'send_anonymous_usage_stats': True, 'event_buffer_size': 100000, 'quiet': False, 'no_print': False, 'cache_selected_only': False, 'config_dir': False, 'which': 'debug', 'indirect_selection': 'eager'}
[0m13:42:10.433803 [debug] [MainThread]: Tracking: tracking
[0m13:42:10.434942 [debug] [MainThread]: Sending event: {'category': 'dbt', 'action': 'invocation', 'label': 'start', 'context': [<snowplow_tracker.self_describing_json.SelfDescribingJson object at 0x7ff261c6e2c0>, <snowplow_tracker.self_describing_json.SelfDescribingJson object at 0x7ff261c6da50>, <snowplow_tracker.self_describing_json.SelfDescribingJson object at 0x7ff261c6d7b0>]}
[0m13:42:10.475894 [debug] [MainThread]: Executing "git --help"
[0m13:42:10.478510 [debug] [MainThread]: STDOUT: "b"usage: git [-v | --version] [-h | --help] [-C <path>] [-c <name>=<value>]\n           [--exec-path[=<path>]] [--html-path] [--man-path] [--info-path]\n           [-p | --paginate | -P | --no-pager] [--no-replace-objects] [--bare]\n           [--git-dir=<path>] [--work-tree=<path>] [--namespace=<name>]\n           [--super-prefix=<path>] [--config-env=<name>=<envvar>]\n           <command> [<args>]\n\nThese are common Git commands used in various situations:\n\nstart a working area (see also: git help tutorial)\n   clone     Clone a repository into a new directory\n   init      Create an empty Git repository or reinitialize an existing one\n\nwork on the current change (see also: git help everyday)\n   add       Add file contents to the index\n   mv        Move or rename a file, a directory, or a symlink\n   restore   Restore working tree files\n   rm        Remove files from the working tree and from the index\n\nexamine the history and state (see also: git help revisions)\n   bisect    Use binary search to find the commit that introduced a bug\n   diff      Show changes between commits, commit and working tree, etc\n   grep      Print lines matching a pattern\n   log       Show commit logs\n   show      Show various types of objects\n   status    Show the working tree status\n\ngrow, mark and tweak your common history\n   branch    List, create, or delete branches\n   commit    Record changes to the repository\n   merge     Join two or more development histories together\n   rebase    Reapply commits on top of another base tip\n   reset     Reset current HEAD to the specified state\n   switch    Switch branches\n   tag       Create, list, delete or verify a tag object signed with GPG\n\ncollaborate (see also: git help workflows)\n   fetch     Download objects and refs from another repository\n   pull      Fetch from and integrate with another repository or a local branch\n   push      Update remote refs along with associated objects\n\n'git help -a' and 'git help -g' list available subcommands and some\nconcept guides. See 'git help <command>' or 'git help <concept>'\nto read about a specific subcommand or concept.\nSee 'git help git' for an overview of the system.\n""
[0m13:42:10.478743 [debug] [MainThread]: STDERR: "b''"
[0m13:42:10.479061 [debug] [MainThread]: Sending event: {'category': 'dbt', 'action': 'invocation', 'label': 'end', 'context': [<snowplow_tracker.self_describing_json.SelfDescribingJson object at 0x7ff261c6d660>, <snowplow_tracker.self_describing_json.SelfDescribingJson object at 0x7ff261b424a0>, <snowplow_tracker.self_describing_json.SelfDescribingJson object at 0x7ff261b41d50>]}
[0m13:42:10.479396 [debug] [MainThread]: Flushing usage events


============================== 2023-01-09 13:46:48.097789 | 19dd1fb2-6cdf-4fc2-a03f-1d30a407f7b8 ==============================
[0m13:46:48.097803 [info ] [MainThread]: Running with dbt=1.3.2
[0m13:46:48.098419 [debug] [MainThread]: running dbt with arguments {'write_json': True, 'use_colors': True, 'printer_width': 80, 'version_check': True, 'partial_parse': True, 'static_parser': True, 'profiles_dir': '/home/elias/.dbt', 'send_anonymous_usage_stats': True, 'event_buffer_size': 100000, 'quiet': False, 'no_print': False, 'cache_selected_only': False, 'config_dir': False, 'which': 'debug', 'indirect_selection': 'eager'}
[0m13:46:48.098679 [debug] [MainThread]: Tracking: tracking
[0m13:46:48.099858 [debug] [MainThread]: Sending event: {'category': 'dbt', 'action': 'invocation', 'label': 'start', 'context': [<snowplow_tracker.self_describing_json.SelfDescribingJson object at 0x7fe14d85b3d0>, <snowplow_tracker.self_describing_json.SelfDescribingJson object at 0x7fe14d8598d0>, <snowplow_tracker.self_describing_json.SelfDescribingJson object at 0x7fe14d859ae0>]}
[0m13:46:48.147642 [debug] [MainThread]: Executing "git --help"
[0m13:46:48.151031 [debug] [MainThread]: STDOUT: "b"usage: git [-v | --version] [-h | --help] [-C <path>] [-c <name>=<value>]\n           [--exec-path[=<path>]] [--html-path] [--man-path] [--info-path]\n           [-p | --paginate | -P | --no-pager] [--no-replace-objects] [--bare]\n           [--git-dir=<path>] [--work-tree=<path>] [--namespace=<name>]\n           [--super-prefix=<path>] [--config-env=<name>=<envvar>]\n           <command> [<args>]\n\nThese are common Git commands used in various situations:\n\nstart a working area (see also: git help tutorial)\n   clone     Clone a repository into a new directory\n   init      Create an empty Git repository or reinitialize an existing one\n\nwork on the current change (see also: git help everyday)\n   add       Add file contents to the index\n   mv        Move or rename a file, a directory, or a symlink\n   restore   Restore working tree files\n   rm        Remove files from the working tree and from the index\n\nexamine the history and state (see also: git help revisions)\n   bisect    Use binary search to find the commit that introduced a bug\n   diff      Show changes between commits, commit and working tree, etc\n   grep      Print lines matching a pattern\n   log       Show commit logs\n   show      Show various types of objects\n   status    Show the working tree status\n\ngrow, mark and tweak your common history\n   branch    List, create, or delete branches\n   commit    Record changes to the repository\n   merge     Join two or more development histories together\n   rebase    Reapply commits on top of another base tip\n   reset     Reset current HEAD to the specified state\n   switch    Switch branches\n   tag       Create, list, delete or verify a tag object signed with GPG\n\ncollaborate (see also: git help workflows)\n   fetch     Download objects and refs from another repository\n   pull      Fetch from and integrate with another repository or a local branch\n   push      Update remote refs along with associated objects\n\n'git help -a' and 'git help -g' list available subcommands and some\nconcept guides. See 'git help <command>' or 'git help <concept>'\nto read about a specific subcommand or concept.\nSee 'git help git' for an overview of the system.\n""
[0m13:46:48.151356 [debug] [MainThread]: STDERR: "b''"
[0m13:46:48.151707 [debug] [MainThread]: Sending event: {'category': 'dbt', 'action': 'invocation', 'label': 'end', 'context': [<snowplow_tracker.self_describing_json.SelfDescribingJson object at 0x7fe14d859780>, <snowplow_tracker.self_describing_json.SelfDescribingJson object at 0x7fe14d729ea0>, <snowplow_tracker.self_describing_json.SelfDescribingJson object at 0x7fe14d72a2c0>]}
[0m13:46:48.152008 [debug] [MainThread]: Flushing usage events
